d:\adeel\contact book\contact book\debug\vc142.pdb
d:\adeel\contact book\contact book\debug\vc142.idb
d:\adeel\contact book\contact book\debug\view.obj
d:\adeel\contact book\contact book\debug\searchhistory.obj
d:\adeel\contact book\contact book\debug\menu.obj
d:\adeel\contact book\contact book\debug\main.obj
d:\adeel\contact book\contact book\debug\group.obj
d:\adeel\contact book\contact book\debug\exception.obj
d:\adeel\contact book\contact book\debug\date.obj
d:\adeel\contact book\contact book\debug\contactsbook.obj
d:\adeel\contact book\contact book\debug\contact.obj
d:\adeel\contact book\contact book\debug\address.obj
d:\adeel\contact book\contact book\debug\contact book.ilk
d:\adeel\contact book\debug\contact book.exe
d:\adeel\contact book\debug\contact book.pdb
d:\adeel\contact book\contact book\debug\contact book.tlog\cl.command.1.tlog
d:\adeel\contact book\contact book\debug\contact book.tlog\cl.read.1.tlog
d:\adeel\contact book\contact book\debug\contact book.tlog\cl.write.1.tlog
d:\adeel\contact book\contact book\debug\contact book.tlog\link.command.1.tlog
d:\adeel\contact book\contact book\debug\contact book.tlog\link.read.1.tlog
d:\adeel\contact book\contact book\debug\contact book.tlog\link.write.1.tlog
