  Address.cpp
  Contact.cpp
  ContactsBook.cpp
D:\Adeel\Contact Book\ContactsBook.cpp(421,30): warning C4018: '<': signed/unsigned mismatch
D:\Adeel\Contact Book\ContactsBook.cpp(430,30): warning C4018: '<': signed/unsigned mismatch
D:\Adeel\Contact Book\ContactsBook.cpp(439,30): warning C4018: '<': signed/unsigned mismatch
D:\Adeel\Contact Book\ContactsBook.cpp(448,30): warning C4018: '<': signed/unsigned mismatch
D:\Adeel\Contact Book\ContactsBook.cpp(457,30): warning C4018: '<': signed/unsigned mismatch
D:\Adeel\Contact Book\ContactsBook.cpp(466,30): warning C4018: '<': signed/unsigned mismatch
D:\Adeel\Contact Book\ContactsBook.cpp(475,30): warning C4018: '<': signed/unsigned mismatch
D:\Adeel\Contact Book\ContactsBook.cpp(484,30): warning C4018: '<': signed/unsigned mismatch
  Date.cpp
  exception.cpp
  Group.cpp
  main.cpp
  menu.cpp
  SearchHistory.cpp
  view.cpp
  Generating Code...
  Contact Book.vcxproj -> D:\Adeel\Contact Book\Debug\Contact Book.exe
